--------------------------------------------------------------------------------
Release 14.7 Trace  (nt)
Copyright (c) 1995-2013 Xilinx, Inc.  All rights reserved.

C:\Xilinx\14.7\ISE_DS\ISE\bin\nt\unwrapped\trce.exe -intstyle ise -v 3 -s 3 -n
3 -fastpaths -xml main.twx main.ncd -o main.twr main.pcf -ucf atlys.ucf

Design file:              main.ncd
Physical constraint file: main.pcf
Device,package,speed:     xc6slx45,csg324,C,-3 (PRODUCTION 1.23 2013-10-13)
Report level:             verbose report

Environment Variable      Effect 
--------------------      ------ 
NONE                      No environment variables were set
--------------------------------------------------------------------------------

INFO:Timing:2698 - No timing constraints found, doing default enumeration.
INFO:Timing:3412 - To improve timing, see the Timing Closure User Guide (UG612).
INFO:Timing:2752 - To get complete path coverage, use the unconstrained paths 
   option. All paths that are not constrained will be reported in the 
   unconstrained paths section(s) of the report.
INFO:Timing:3339 - The clock-to-out numbers in this timing report are based on 
   a 50 Ohm transmission line loading model.  For the details of this model, 
   and for more information on accounting for different loading conditions, 
   please see the device datasheet.



Data Sheet report:
-----------------
All values displayed in nanoseconds (ns)

Pad to Pad
---------------+---------------+---------+
Source Pad     |Destination Pad|  Delay  |
---------------+---------------+---------+
switch<0>      |led<0>         |   13.077|
switch<0>      |led<2>         |   13.994|
switch<0>      |led<3>         |   14.170|
switch<1>      |led<0>         |   13.066|
switch<1>      |led<2>         |   13.625|
switch<1>      |led<3>         |   13.801|
switch<2>      |led<1>         |   13.330|
switch<2>      |led<2>         |   14.161|
switch<2>      |led<3>         |   14.337|
switch<3>      |led<1>         |   12.996|
switch<3>      |led<2>         |   10.101|
switch<3>      |led<3>         |   10.504|
switch<4>      |led<2>         |    9.678|
switch<4>      |led<3>         |   10.165|
switch<5>      |led<2>         |   11.242|
switch<6>      |led<2>         |   10.853|
switch<7>      |led<2>         |   13.073|
---------------+---------------+---------+


Analysis completed Thu Feb 07 19:22:17 2019 
--------------------------------------------------------------------------------

Trace Settings:
-------------------------
Trace Settings 

Peak Memory Usage: 183 MB



