Running: C:\Xilinx\14.7\ISE_DS\ISE\bin\nt\unwrapped\fuse.exe -intstyle ise -incremental -lib unisims_ver -lib unimacro_ver -lib xilinxcorelib_ver -lib secureip -o Z:/Shared files/Billy/lab2_start/test_alu_isim_beh.exe -prj Z:/Shared files/Billy/lab2_start/test_alu_beh.prj work.test_alu work.glbl 
ISim P.20131013 (signature 0x8ef4fb42)
Number of CPUs detected in this system: 1
Turning on mult-threading, number of parallel sub-compilation jobs: 0 
Determining compilation order of HDL files
Analyzing Verilog file "Z:/Shared files/Billy/lab2_start/mux_2to1.v" into library work
Analyzing Verilog file "Z:/Shared files/Billy/lab2_start/mux_4to1.v" into library work
Analyzing Verilog file "Z:/Shared files/Billy/lab2_start/one_bit_full_adder.v" into library work
Analyzing Verilog file "Z:/Shared files/Billy/lab2_start/mux_8to1.v" into library work
Analyzing Verilog file "Z:/Shared files/Billy/lab2_start/mux_16to1.v" into library work
Analyzing Verilog file "Z:/Shared files/Billy/lab2_start/adder_32_bit.v" into library work
WARNING:HDLCompiler:248 - "Z:/Shared files/Billy/lab2_start/adder_32_bit.v" Line 25: Block identifier is required on this block
Analyzing Verilog file "Z:/Shared files/Billy/lab2_start/alu.v" into library work
Analyzing Verilog file "Z:/Shared files/Billy/lab2_start/test_alu.v" into library work
Analyzing Verilog file "C:/Xilinx/14.7/ISE_DS/ISE//verilog/src/glbl.v" into library work
Starting static elaboration
Completed static elaboration
Fuse Memory Usage: 102776 KB
Fuse CPU Usage: 531 ms
Compiling module one_bit_full_adder
Compiling module adder_32_bit
Compiling module mux_2to1(N=32)
Compiling module mux_4to1(N=32)
Compiling module mux_8to1(N=32)
Compiling module mux_16to1
Compiling module alu
Compiling module test_alu
Compiling module glbl
Time Resolution for simulation is 1ps.
Compiled 9 Verilog Units
Built simulation executable Z:/Shared files/Billy/lab2_start/test_alu_isim_beh.exe
Fuse Memory Usage: 106344 KB
Fuse CPU Usage: 764 ms
